{"event": "Test log message", "logger": "test", "level": "info", "timestamp": "2025-08-10T12:44:42.490958Z"}
{"event": "Monitoring system initialized", "logger": "monitoring_system", "level": "info", "timestamp": "2025-08-10T12:44:42.494142Z"}
{"bot_name": "test_bot", "operation": "connection_error", "error_type": "Exception", "error_message": "Connection timeout", "severity": "medium", "event": "Error recorded", "logger": "error_tracker", "level": "error", "timestamp": "2025-08-10T12:44:42.494223Z"}
{"bot_name": "test_bot", "operation": "validation_error", "error_type": "ValueError", "error_message": "Invalid input", "severity": "medium", "event": "Error recorded", "logger": "error_tracker", "level": "error", "timestamp": "2025-08-10T12:44:42.494276Z"}
{"bot_name": "test_bot", "operation": "runtime_error", "error_type": "RuntimeError", "error_message": "Unexpected runtime issue", "severity": "medium", "event": "Error recorded", "logger": "error_tracker", "level": "error", "timestamp": "2025-08-10T12:44:42.494311Z"}
{"bot_name": "test_performance_bot", "operation": "test_operation", "start_time": "2025-08-10T12:44:42.494446", "event": "Starting monitored operation", "logger": "performance_monitor", "level": "info", "timestamp": "2025-08-10T12:44:42.494458Z"}
{"bot_name": "test_performance_bot", "operation": "test_operation", "duration": 0.101154, "success": true, "event": "Performance snapshot recorded", "logger": "metrics_collector", "level": "info", "timestamp": "2025-08-10T12:44:42.595667Z"}
{"bot_name": "test_performance_bot", "operation": "test_operation", "duration": 0.101154, "success": true, "event": "Operation completed", "logger": "performance_monitor", "level": "info", "timestamp": "2025-08-10T12:44:42.595803Z"}
{"filepath": "troubleshooting_monitoring_20250810_124442.json", "event": "Monitoring data exported", "logger": "monitoring_system", "level": "info", "timestamp": "2025-08-10T12:44:42.596453Z"}
{"url": "https://bv-studios-website-9100d7w18-dominic-lewis-projects-bb97ca42.vercel.app/api/admin/bots/health", "event": "Making GET request", "logger": "http_client", "level": "info", "timestamp": "2025-08-10T12:45:49.919112Z"}
{"url": "https://bv-studios-website-9100d7w18-dominic-lewis-projects-bb97ca42.vercel.app/api/admin/bots/health", "event": "Making GET request", "logger": "http_client", "level": "info", "timestamp": "2025-08-10T12:45:51.192387Z"}
{"url": "https://bv-studios-website-9100d7w18-dominic-lewis-projects-bb97ca42.vercel.app/api/admin/bots/health", "event": "Making GET request", "logger": "http_client", "level": "info", "timestamp": "2025-08-10T12:45:53.395588Z"}
{"error": "401, message='HTTP 401', url='https://bv-studios-website-9100d7w18-dominic-lewis-projects-bb97ca42.vercel.app/api/admin/bots/health'", "event": "Failed to get system health", "logger": "bv_studios_api", "level": "error", "timestamp": "2025-08-10T12:45:53.666229Z"}
{"url": "https://bv-studios-website-9100d7w18-dominic-lewis-projects-bb97ca42.vercel.app/api/admin/bots/logs?limit=10", "event": "Making GET request", "logger": "http_client", "level": "info", "timestamp": "2025-08-10T12:45:53.666817Z"}
{"url": "https://bv-studios-website-9100d7w18-dominic-lewis-projects-bb97ca42.vercel.app/api/admin/bots/logs?limit=10", "event": "Making GET request", "logger": "http_client", "level": "info", "timestamp": "2025-08-10T12:45:54.884789Z"}
{"error": "Circuit breaker is OPEN", "event": "Failed to get recent logs", "logger": "bv_studios_api", "level": "error", "timestamp": "2025-08-10T12:45:57.110005Z"}
{"error": "Circuit breaker is OPEN", "event": "Failed to test database", "logger": "bv_studios_api", "level": "error", "timestamp": "2025-08-10T12:46:00.114629Z"}
{"event": "Monitoring system initialized", "logger": "monitoring_system", "level": "info", "timestamp": "2025-08-10T12:46:00.149886Z"}
{"bot_name": "web_diagnostic", "operation": "diagnostic", "error_type": "Exception", "error_message": "UserProfile component experiencing hydration failures", "severity": "high", "event": "Error recorded", "logger": "error_tracker", "level": "error", "timestamp": "2025-08-10T12:46:00.150132Z"}
{"bot_name": "network_diagnostic", "operation": "diagnostic", "error_type": "Exception", "error_message": "Lead bot API endpoint returning internal server errors", "severity": "high", "event": "Error recorded", "logger": "error_tracker", "level": "error", "timestamp": "2025-08-10T12:46:00.150234Z"}
{"filepath": "integration_test_results.json", "event": "Monitoring data exported", "logger": "monitoring_system", "level": "info", "timestamp": "2025-08-10T12:46:00.150965Z"}
{"event": "Monitoring system initialized", "logger": "monitoring_system", "level": "info", "timestamp": "2025-08-10T16:35:36.643584Z"}
